<?xml version="1.0" encoding="UTF-8"?>
<!-- Generated by org.testng.reporters.JUnitReportReporter -->
<testsuite hostname="Chester-Legion-5-Pro" failures="0" tests="1" name="contextmenu.ContextMenuTests" time="0.474" errors="0" timestamp="2024-01-14T16:26:34 SGT" skipped="0">
  <testcase classname="contextmenu.ContextMenuTests" name="testContextMenu" time="0.474"/>
  <system-out/>
</testsuite> <!-- contextmenu.ContextMenuTests -->
