<?xml version="1.0" encoding="UTF-8"?>
<!-- Generated by org.testng.reporters.JUnitReportReporter -->
<testsuite hostname="Chester-Legion-5-Pro" failures="0" tests="1" name="dropdown.DropdownTests" time="0.430" errors="0" timestamp="2024-01-14T16:26:34 SGT" skipped="0">
  <testcase classname="dropdown.DropdownTests" name="testSelectOption" time="0.430"/>
  <system-out/>
</testsuite> <!-- dropdown.DropdownTests -->
