<?xml version="1.0" encoding="UTF-8"?>
<!-- Generated by org.testng.reporters.JUnitReportReporter -->
<testsuite hostname="Chester-Legion-5-Pro" failures="0" tests="1" name="hover.HoverTests" time="0.744" errors="0" timestamp="2024-01-14T16:26:34 SGT" skipped="0">
  <testcase classname="hover.HoverTests" name="testHoverUser1" time="0.744"/>
  <system-out/>
</testsuite> <!-- hover.HoverTests -->
