<?xml version="1.0" encoding="UTF-8"?>
<!-- Generated by org.testng.reporters.JUnitReportReporter -->
<testsuite hostname="Chester-Legion-5-Pro" failures="0" tests="1" name="login.LoginTests" time="1.496" errors="0" timestamp="2024-01-14T16:26:34 SGT" skipped="0">
  <testcase classname="login.LoginTests" name="testSuccessfulLogin" time="1.496"/>
  <system-out/>
</testsuite> <!-- login.LoginTests -->
