<?xml version="1.0" encoding="UTF-8"?>
<!-- Generated by org.testng.reporters.JUnitReportReporter -->
<testsuite hostname="Chester-Legion-5-Pro" failures="0" tests="1" name="forgotpassword.ForgotPasswordTests" time="0.718" errors="0" timestamp="2024-01-14T16:26:34 SGT" skipped="0">
  <testcase classname="forgotpassword.ForgotPasswordTests" name="testForgotPassword" time="0.718"/>
  <system-out/>
</testsuite> <!-- forgotpassword.ForgotPasswordTests -->
